[*] Lancement de la capture temps réel Aérovision...
[+] Succès : 0 vols uniques ajoutés à la table shadow_aerovision.
[*] Lancement de la capture temps réel Aérovision...
[+] Succès : 0 vols uniques ajoutés à la table shadow_aerovision.
[*] Lancement de la capture temps réel Aérovision...
[+] Succès : 0 vols uniques ajoutés à la table shadow_aerovision.
[*] Lancement de la capture temps réel Aérovision...
[+] Succès : 0 vols uniques ajoutés à la table shadow_aerovision.
[*] Lancement de la capture temps réel Aérovision...
[+] Succès : 0 vols uniques ajoutés à la table shadow_aerovision.
[*] Lancement de la capture temps réel Aérovision...
[+] Succès : 0 vols uniques ajoutés à la table shadow_aerovision.
[*] Lancement de la capture temps réel Aérovision...
[+] Succès : 0 vols uniques ajoutés à la table shadow_aerovision.
[*] Lancement de la capture temps réel Aérovision...
[+] Succès : 0 vols uniques ajoutés à la table shadow_aerovision.
[*] Lancement de la capture temps réel Aérovision...
[+] Succès : 0 vols uniques ajoutés à la table shadow_aerovision.
[*] Lancement de la capture temps réel Aérovision...
[+] Succès : 0 vols uniques ajoutés à la table shadow_aerovision.
[*] Lancement de la capture temps réel Aérovision...
Traceback (most recent call last):
  File "/home/ubuntu/stats_des_pistes/backend/check_aerovision.py", line 108, in <module>
    store_flights(flights)
    ~~~~~~~~~~~~~^^^^^^^^^
  File "/home/ubuntu/stats_des_pistes/backend/check_aerovision.py", line 101, in store_flights
    conn.commit()
    ~~~~~~~~~~~^^
sqlite3.DatabaseError: database disk image is malformed
[*] Lancement de la capture temps réel Aérovision...
[+] Succès : 2 vols uniques ajoutés à la table shadow_aerovision.
[*] Lancement de la capture temps réel Aérovision...
[+] Succès : 0 vols uniques ajoutés à la table shadow_aerovision.
[*] Lancement de la capture temps réel Aérovision...
[+] Succès : 2 vols uniques ajoutés à la table shadow_aerovision.
[*] Lancement de la capture temps réel Aérovision...
[+] Succès : 0 vols uniques ajoutés à la table shadow_aerovision.
[2026-07-20 23:45:03] OK: 141 vols réactualisés.
[2026-07-21 00:00:02] OK: 134 vols réactualisés.
[2026-07-21 00:15:03] OK: 134 vols réactualisés.
[2026-07-21 00:30:02] OK: 134 vols réactualisés.
[2026-07-21 00:45:02] OK: 134 vols réactualisés.
[2026-07-21 01:00:03] OK: 134 vols réactualisés.
[2026-07-21 01:15:03] OK: 134 vols réactualisés.
[2026-07-21 01:30:02] OK: 134 vols réactualisés.
[2026-07-21 01:45:02] OK: 134 vols réactualisés.
[2026-07-21 02:00:02] OK: 134 vols réactualisés.
[2026-07-21 02:15:02] OK: 134 vols réactualisés.
[2026-07-21 02:30:02] OK: 134 vols réactualisés.
[2026-07-21 02:45:02] OK: 134 vols réactualisés.
[2026-07-21 03:00:03] OK: 134 vols réactualisés.
[2026-07-21 03:15:02] OK: 134 vols réactualisés.
[2026-07-21 03:30:03] OK: 134 vols réactualisés.
[2026-07-21 03:45:02] OK: 134 vols réactualisés.
[2026-07-21 04:00:03] OK: 134 vols réactualisés.
[2026-07-21 04:15:03] OK: 134 vols réactualisés.
[2026-07-21 04:30:03] OK: 134 vols réactualisés.
[2026-07-21 04:45:02] OK: 133 vols réactualisés.
[2026-07-21 05:00:03] OK: 134 vols réactualisés.
[2026-07-21 05:15:03] OK: 134 vols réactualisés.
[2026-07-21 05:30:03] OK: 134 vols réactualisés.
[2026-07-21 05:45:02] OK: 134 vols réactualisés.
[2026-07-21 06:00:03] OK: 134 vols réactualisés.
[2026-07-21 06:15:02] OK: 134 vols réactualisés.
[2026-07-21 06:30:03] OK: 134 vols réactualisés.
[2026-07-21 06:45:03] OK: 134 vols réactualisés.
[2026-07-21 07:00:04] OK: 134 vols réactualisés.
[2026-07-21 07:15:02] OK: 134 vols réactualisés.
[2026-07-21 07:30:03] OK: 134 vols réactualisés.
[2026-07-21 07:45:03] OK: 134 vols réactualisés.
[2026-07-21 08:00:04] OK: 134 vols réactualisés.
[2026-07-21 08:15:03] OK: 134 vols réactualisés.
[2026-07-21 08:30:03] OK: 134 vols réactualisés.
[2026-07-21 08:45:02] OK: 134 vols réactualisés.
[2026-07-21 09:00:03] OK: 134 vols réactualisés.
[2026-07-21 09:15:02] OK: 134 vols réactualisés.
[2026-07-21 09:30:02] OK: 134 vols réactualisés.
[2026-07-21 09:45:02] OK: 134 vols réactualisés.
[2026-07-21 10:00:03] OK: 134 vols réactualisés.
[2026-07-21 10:15:02] OK: 134 vols réactualisés.
[2026-07-21 10:30:03] OK: 134 vols réactualisés.
[2026-07-21 10:45:03] OK: 134 vols réactualisés.
[2026-07-21 11:00:02] OK: 134 vols réactualisés.
[2026-07-21 11:15:03] OK: 133 vols réactualisés.
[2026-07-21 11:30:03] OK: 133 vols réactualisés.
[2026-07-21 11:45:02] OK: 133 vols réactualisés.
[2026-07-21 12:00:04] OK: 133 vols réactualisés.
[2026-07-21 12:15:02] OK: 133 vols réactualisés.
[2026-07-21 12:30:04] OK: 133 vols réactualisés.
[2026-07-21 12:45:02] OK: 133 vols réactualisés.
[2026-07-21 13:00:03] OK: 133 vols réactualisés.
[2026-07-21 13:15:04] OK: 133 vols réactualisés.
[2026-07-21 13:30:02] OK: 133 vols réactualisés.
[2026-07-21 13:45:03] OK: 133 vols réactualisés.
[2026-07-21 14:00:03] OK: 133 vols réactualisés.
[2026-07-21 14:15:03] OK: 133 vols réactualisés.
[2026-07-21 14:30:03] OK: 133 vols réactualisés.
[2026-07-21 14:45:03] OK: 133 vols réactualisés.
[2026-07-21 15:00:03] OK: 133 vols réactualisés.
[2026-07-21 15:15:03] OK: 133 vols réactualisés.
[2026-07-21 15:30:03] OK: 133 vols réactualisés.
[2026-07-21 15:45:03] OK: 133 vols réactualisés.
[2026-07-21 16:00:03] OK: 133 vols réactualisés.
[2026-07-21 16:15:03] OK: 133 vols réactualisés.
[2026-07-21 16:30:03] OK: 133 vols réactualisés.
[2026-07-21 16:45:03] OK: 133 vols réactualisés.
[2026-07-21 17:00:04] OK: 133 vols réactualisés.
[2026-07-21 17:15:03] OK: 133 vols réactualisés.
[2026-07-21 17:30:02] OK: 133 vols réactualisés.
[2026-07-21 22:30:03] OK: 133 vols réactualisés.
[2026-07-21 22:45:02] OK: 133 vols réactualisés.
[2026-07-21 23:00:03] OK: 133 vols réactualisés.
[2026-07-21 23:15:02] OK: 133 vols réactualisés.
[2026-07-21 23:30:02] OK: 133 vols réactualisés.
[2026-07-21 23:45:03] OK: 133 vols réactualisés.
[2026-07-22 00:00:04] OK: 127 vols réactualisés.
[2026-07-22 00:15:02] OK: 127 vols réactualisés.
[2026-07-22 00:30:03] OK: 127 vols réactualisés.
[2026-07-22 00:45:02] OK: 127 vols réactualisés.
[2026-07-22 01:00:02] OK: 127 vols réactualisés.
[2026-07-22 01:15:02] OK: 127 vols réactualisés.
[2026-07-22 01:30:02] OK: 127 vols réactualisés.
[2026-07-22 01:45:03] OK: 127 vols réactualisés.
[2026-07-22 02:00:03] OK: 127 vols réactualisés.
[2026-07-22 02:15:02] OK: 127 vols réactualisés.
[2026-07-22 02:30:02] OK: 127 vols réactualisés.
[2026-07-22 02:45:02] OK: 127 vols réactualisés.
[2026-07-22 03:00:03] OK: 127 vols réactualisés.
[2026-07-22 03:15:03] OK: 127 vols réactualisés.
[2026-07-22 03:30:02] OK: 127 vols réactualisés.
[2026-07-22 03:45:02] OK: 127 vols réactualisés.
[2026-07-22 04:00:03] OK: 127 vols réactualisés.
[2026-07-22 04:15:03] OK: 127 vols réactualisés.
[2026-07-22 04:30:05] OK: 127 vols réactualisés.
[2026-07-22 04:45:02] OK: 127 vols réactualisés.
[2026-07-22 05:00:03] OK: 127 vols réactualisés.
[2026-07-22 05:15:03] OK: 127 vols réactualisés.
[2026-07-22 05:30:02] OK: 127 vols réactualisés.
[2026-07-22 05:45:02] OK: 127 vols réactualisés.
[2026-07-22 06:00:03] OK: 127 vols réactualisés.
[2026-07-22 06:15:03] OK: 127 vols réactualisés.
[2026-07-22 06:30:03] OK: 127 vols réactualisés.
[2026-07-22 06:45:03] OK: 127 vols réactualisés.
[2026-07-22 07:00:04] OK: 127 vols réactualisés.
[2026-07-22 07:15:02] OK: 127 vols réactualisés.
[2026-07-22 07:30:03] OK: 127 vols réactualisés.
[2026-07-22 07:45:02] OK: 127 vols réactualisés.
[2026-07-22 08:00:04] OK: 127 vols réactualisés.
[2026-07-22 08:15:02] OK: 127 vols réactualisés.
[2026-07-22 08:30:03] OK: 127 vols réactualisés.
[2026-07-22 08:45:03] OK: 127 vols réactualisés.
[2026-07-22 09:00:04] OK: 127 vols réactualisés.
[2026-07-22 09:15:02] OK: 127 vols réactualisés.
[2026-07-22 09:30:03] OK: 127 vols réactualisés.
[2026-07-22 09:45:03] OK: 127 vols réactualisés.
[2026-07-22 10:00:03] OK: 127 vols réactualisés.
[2026-07-22 10:15:02] OK: 126 vols réactualisés.
[2026-07-22 10:30:04] OK: 127 vols réactualisés.
[2026-07-22 10:45:02] OK: 127 vols réactualisés.
[2026-07-22 11:00:03] OK: 127 vols réactualisés.
[2026-07-22 11:15:03] OK: 127 vols réactualisés.
[2026-07-22 11:30:02] OK: 127 vols réactualisés.
[2026-07-22 11:45:03] OK: 127 vols réactualisés.
[2026-07-22 12:00:03] OK: 127 vols réactualisés.
[2026-07-22 12:15:03] OK: 127 vols réactualisés.
[2026-07-22 12:30:02] OK: 127 vols réactualisés.
[2026-07-22 12:45:03] OK: 127 vols réactualisés.
[2026-07-22 13:00:03] OK: 127 vols réactualisés.
[2026-07-22 13:15:03] OK: 127 vols réactualisés.
[2026-07-22 13:30:04] OK: 127 vols réactualisés.
[2026-07-22 13:45:02] OK: 127 vols réactualisés.
[2026-07-22 14:00:03] OK: 127 vols réactualisés.
[2026-07-22 14:15:02] OK: 127 vols réactualisés.
[2026-07-22 14:30:03] OK: 127 vols réactualisés.
[2026-07-22 14:45:02] OK: 127 vols réactualisés.
[2026-07-22 15:00:03] OK: 127 vols réactualisés.
[2026-07-22 15:15:03] OK: 127 vols réactualisés.
[2026-07-22 15:30:02] OK: 127 vols réactualisés.
[2026-07-22 15:45:03] OK: 127 vols réactualisés.
[2026-07-22 16:00:04] OK: 127 vols réactualisés.
[2026-07-22 16:15:02] OK: 127 vols réactualisés.
[2026-07-22 16:30:03] OK: 127 vols réactualisés.
[2026-07-22 16:45:03] OK: 127 vols réactualisés.
[2026-07-22 17:00:02] OK: 127 vols réactualisés.
[2026-07-22 17:15:03] OK: 127 vols réactualisés.
[2026-07-22 17:30:03] OK: 127 vols réactualisés.
[2026-07-22 17:45:02] OK: 127 vols réactualisés.
[2026-07-22 18:00:02] OK: 127 vols réactualisés.
[2026-07-22 18:15:02] OK: 127 vols réactualisés.
[2026-07-22 18:30:02] OK: 127 vols réactualisés.
[2026-07-22 18:45:03] OK: 127 vols réactualisés.
[2026-07-22 19:00:03] OK: 127 vols réactualisés.
[2026-07-22 19:15:03] OK: 127 vols réactualisés.
[2026-07-22 19:30:03] OK: 127 vols réactualisés.
[2026-07-22 19:45:02] OK: 127 vols réactualisés.
[2026-07-22 20:00:04] OK: 127 vols réactualisés.
[2026-07-22 20:15:02] OK: 127 vols réactualisés.
[2026-07-22 20:30:03] OK: 127 vols réactualisés.
[2026-07-22 20:45:03] OK: 127 vols réactualisés.
[2026-07-22 21:00:02] OK: 127 vols réactualisés.
[2026-07-22 21:15:02] OK: 127 vols réactualisés.
[2026-07-22 21:30:03] OK: 127 vols réactualisés.
[2026-07-22 21:45:03] OK: 127 vols réactualisés.
[2026-07-22 22:00:03] OK: 127 vols réactualisés.
[2026-07-22 22:15:03] OK: 127 vols réactualisés.
[2026-07-22 22:30:03] OK: 127 vols réactualisés.
[2026-07-22 22:45:02] OK: 127 vols réactualisés.
[2026-07-22 23:00:03] OK: 127 vols réactualisés.
[2026-07-22 23:15:02] OK: 127 vols réactualisés.
[2026-07-22 23:30:02] OK: 127 vols réactualisés.
[2026-07-22 23:45:02] OK: 127 vols réactualisés.
[2026-07-23 00:00:03] OK: 128 vols réactualisés.
[2026-07-23 00:15:02] OK: 128 vols réactualisés.
[2026-07-23 00:30:03] OK: 128 vols réactualisés.
[2026-07-23 00:45:02] OK: 128 vols réactualisés.
[2026-07-23 01:00:03] OK: 128 vols réactualisés.
[2026-07-23 01:15:02] OK: 128 vols réactualisés.
[2026-07-23 01:30:02] OK: 128 vols réactualisés.
[2026-07-23 01:45:02] OK: 128 vols réactualisés.
[2026-07-23 02:00:03] OK: 128 vols réactualisés.
[2026-07-23 02:15:03] OK: 128 vols réactualisés.
[2026-07-23 02:30:03] OK: 128 vols réactualisés.
[2026-07-23 02:45:02] OK: 128 vols réactualisés.
[2026-07-23 03:00:04] OK: 128 vols réactualisés.
[2026-07-23 03:15:02] OK: 128 vols réactualisés.
[2026-07-23 03:30:03] OK: 128 vols réactualisés.
[2026-07-23 03:45:03] OK: 128 vols réactualisés.
[2026-07-23 04:00:02] OK: 128 vols réactualisés.
[2026-07-23 04:15:02] OK: 128 vols réactualisés.
[2026-07-23 04:30:02] OK: 128 vols réactualisés.
[2026-07-23 04:45:02] OK: 128 vols réactualisés.
[2026-07-23 05:00:02] OK: 128 vols réactualisés.
[2026-07-23 05:15:02] OK: 128 vols réactualisés.
[2026-07-23 05:30:02] OK: 128 vols réactualisés.
[2026-07-23 05:45:03] OK: 128 vols réactualisés.
[2026-07-23 06:00:03] OK: 128 vols réactualisés.
Erreur Arrivées: HTTPSConnectionPool(host='www.bordeaux.aeroport.fr', port=443): Read timed out. (read timeout=10)
Erreur Départs: HTTPSConnectionPool(host='www.bordeaux.aeroport.fr', port=443): Max retries exceeded with url: /ajax/flights?w=out&date=23/07/2026&time=00:00&_wrapper_format=drupal_ajax (Caused by SSLError(SSLEOFError(8, '[SSL: UNEXPECTED_EOF_WHILE_READING] EOF occurred in violation of protocol (_ssl.c:1081)')))
Erreur Départs: HTTPSConnectionPool(host='www.bordeaux.aeroport.fr', port=443): Max retries exceeded with url: /ajax/flights?w=out&date=23/07/2026&time=00:00&_wrapper_format=drupal_ajax (Caused by SSLError(SSLEOFError(8, '[SSL: UNEXPECTED_EOF_WHILE_READING] EOF occurred in violation of protocol (_ssl.c:1081)')))
[2026-07-23 06:30:03] OK: 64 vols réactualisés.
Erreur Arrivées: HTTPSConnectionPool(host='www.bordeaux.aeroport.fr', port=443): Max retries exceeded with url: /ajax/flights?w=in&date=23/07/2026&time=00:00&_wrapper_format=drupal_ajax (Caused by NewConnectionError("HTTPSConnection(host='www.bordeaux.aeroport.fr', port=443): Failed to establish a new connection: [Errno 111] Connection refused"))
Erreur Départs: HTTPSConnectionPool(host='www.bordeaux.aeroport.fr', port=443): Max retries exceeded with url: /ajax/flights?w=out&date=23/07/2026&time=00:00&_wrapper_format=drupal_ajax (Caused by NewConnectionError("HTTPSConnection(host='www.bordeaux.aeroport.fr', port=443): Failed to establish a new connection: [Errno 111] Connection refused"))
Erreur Arrivées: HTTPSConnectionPool(host='www.bordeaux.aeroport.fr', port=443): Max retries exceeded with url: /ajax/flights?w=in&date=23/07/2026&time=00:00&_wrapper_format=drupal_ajax (Caused by SSLError(SSLEOFError(8, '[SSL: UNEXPECTED_EOF_WHILE_READING] EOF occurred in violation of protocol (_ssl.c:1081)')))
Erreur Départs: HTTPSConnectionPool(host='www.bordeaux.aeroport.fr', port=443): Max retries exceeded with url: /ajax/flights?w=out&date=23/07/2026&time=00:00&_wrapper_format=drupal_ajax (Caused by SSLError(SSLEOFError(8, '[SSL: UNEXPECTED_EOF_WHILE_READING] EOF occurred in violation of protocol (_ssl.c:1081)')))
Erreur Arrivées: HTTPSConnectionPool(host='www.bordeaux.aeroport.fr', port=443): Max retries exceeded with url: /ajax/flights?w=in&date=23/07/2026&time=00:00&_wrapper_format=drupal_ajax (Caused by SSLError(SSLEOFError(8, '[SSL: UNEXPECTED_EOF_WHILE_READING] EOF occurred in violation of protocol (_ssl.c:1081)')))
Erreur Départs: HTTPSConnectionPool(host='www.bordeaux.aeroport.fr', port=443): Max retries exceeded with url: /ajax/flights?w=out&date=23/07/2026&time=00:00&_wrapper_format=drupal_ajax (Caused by SSLError(SSLEOFError(8, '[SSL: UNEXPECTED_EOF_WHILE_READING] EOF occurred in violation of protocol (_ssl.c:1081)')))
Erreur Arrivées: HTTPSConnectionPool(host='www.bordeaux.aeroport.fr', port=443): Max retries exceeded with url: /ajax/flights?w=in&date=23/07/2026&time=00:00&_wrapper_format=drupal_ajax (Caused by SSLError(SSLEOFError(8, '[SSL: UNEXPECTED_EOF_WHILE_READING] EOF occurred in violation of protocol (_ssl.c:1081)')))
Erreur Départs: HTTPSConnectionPool(host='www.bordeaux.aeroport.fr', port=443): Max retries exceeded with url: /ajax/flights?w=out&date=23/07/2026&time=00:00&_wrapper_format=drupal_ajax (Caused by SSLError(SSLEOFError(8, '[SSL: UNEXPECTED_EOF_WHILE_READING] EOF occurred in violation of protocol (_ssl.c:1081)')))
Erreur Arrivées: HTTPSConnectionPool(host='www.bordeaux.aeroport.fr', port=443): Max retries exceeded with url: /ajax/flights?w=in&date=23/07/2026&time=00:00&_wrapper_format=drupal_ajax (Caused by ConnectTimeoutError(<HTTPSConnection(host='www.bordeaux.aeroport.fr', port=443) at 0x7645da10f380>, 'Connection to www.bordeaux.aeroport.fr timed out. (connect timeout=10)'))
Erreur Départs: HTTPSConnectionPool(host='www.bordeaux.aeroport.fr', port=443): Max retries exceeded with url: /ajax/flights?w=out&date=23/07/2026&time=00:00&_wrapper_format=drupal_ajax (Caused by ConnectTimeoutError(<HTTPSConnection(host='www.bordeaux.aeroport.fr', port=443) at 0x7645d9fb2850>, 'Connection to www.bordeaux.aeroport.fr timed out. (connect timeout=10)'))
Erreur Arrivées: HTTPSConnectionPool(host='www.bordeaux.aeroport.fr', port=443): Max retries exceeded with url: /ajax/flights?w=in&date=23/07/2026&time=00:00&_wrapper_format=drupal_ajax (Caused by ConnectTimeoutError(<HTTPSConnection(host='www.bordeaux.aeroport.fr', port=443) at 0x755194f9b380>, 'Connection to www.bordeaux.aeroport.fr timed out. (connect timeout=10)'))
Erreur Départs: HTTPSConnectionPool(host='www.bordeaux.aeroport.fr', port=443): Max retries exceeded with url: /ajax/flights?w=out&date=23/07/2026&time=00:00&_wrapper_format=drupal_ajax (Caused by ConnectTimeoutError(<HTTPSConnection(host='www.bordeaux.aeroport.fr', port=443) at 0x755194e3a850>, 'Connection to www.bordeaux.aeroport.fr timed out. (connect timeout=10)'))
Erreur Arrivées: HTTPSConnectionPool(host='www.bordeaux.aeroport.fr', port=443): Max retries exceeded with url: /ajax/flights?w=in&date=23/07/2026&time=00:00&_wrapper_format=drupal_ajax (Caused by ConnectTimeoutError(<HTTPSConnection(host='www.bordeaux.aeroport.fr', port=443) at 0x7d366ca7f380>, 'Connection to www.bordeaux.aeroport.fr timed out. (connect timeout=10)'))
Erreur Départs: HTTPSConnectionPool(host='www.bordeaux.aeroport.fr', port=443): Max retries exceeded with url: /ajax/flights?w=out&date=23/07/2026&time=00:00&_wrapper_format=drupal_ajax (Caused by ConnectTimeoutError(<HTTPSConnection(host='www.bordeaux.aeroport.fr', port=443) at 0x7d366c922850>, 'Connection to www.bordeaux.aeroport.fr timed out. (connect timeout=10)'))
Erreur Arrivées: HTTPSConnectionPool(host='www.bordeaux.aeroport.fr', port=443): Max retries exceeded with url: /ajax/flights?w=in&date=23/07/2026&time=00:00&_wrapper_format=drupal_ajax (Caused by ConnectTimeoutError(<HTTPSConnection(host='www.bordeaux.aeroport.fr', port=443) at 0x79578de4b380>, 'Connection to www.bordeaux.aeroport.fr timed out. (connect timeout=10)'))
Erreur Départs: HTTPSConnectionPool(host='www.bordeaux.aeroport.fr', port=443): Max retries exceeded with url: /ajax/flights?w=out&date=23/07/2026&time=00:00&_wrapper_format=drupal_ajax (Caused by ConnectTimeoutError(<HTTPSConnection(host='www.bordeaux.aeroport.fr', port=443) at 0x79578dcea850>, 'Connection to www.bordeaux.aeroport.fr timed out. (connect timeout=10)'))
Erreur Arrivées: HTTPSConnectionPool(host='www.bordeaux.aeroport.fr', port=443): Max retries exceeded with url: /ajax/flights?w=in&date=23/07/2026&time=00:00&_wrapper_format=drupal_ajax (Caused by ConnectTimeoutError(<HTTPSConnection(host='www.bordeaux.aeroport.fr', port=443) at 0x762dfad0f380>, 'Connection to www.bordeaux.aeroport.fr timed out. (connect timeout=10)'))
Erreur Départs: HTTPSConnectionPool(host='www.bordeaux.aeroport.fr', port=443): Max retries exceeded with url: /ajax/flights?w=out&date=23/07/2026&time=00:00&_wrapper_format=drupal_ajax (Caused by ConnectTimeoutError(<HTTPSConnection(host='www.bordeaux.aeroport.fr', port=443) at 0x762dfabb2850>, 'Connection to www.bordeaux.aeroport.fr timed out. (connect timeout=10)'))
Erreur Arrivées: HTTPSConnectionPool(host='www.bordeaux.aeroport.fr', port=443): Max retries exceeded with url: /ajax/flights?w=in&date=23/07/2026&time=00:00&_wrapper_format=drupal_ajax (Caused by ConnectTimeoutError(<HTTPSConnection(host='www.bordeaux.aeroport.fr', port=443) at 0x72fb1558b380>, 'Connection to www.bordeaux.aeroport.fr timed out. (connect timeout=10)'))
Erreur Départs: HTTPSConnectionPool(host='www.bordeaux.aeroport.fr', port=443): Max retries exceeded with url: /ajax/flights?w=out&date=23/07/2026&time=00:00&_wrapper_format=drupal_ajax (Caused by ConnectTimeoutError(<HTTPSConnection(host='www.bordeaux.aeroport.fr', port=443) at 0x72fb1542e850>, 'Connection to www.bordeaux.aeroport.fr timed out. (connect timeout=10)'))
Erreur Arrivées: HTTPSConnectionPool(host='www.bordeaux.aeroport.fr', port=443): Max retries exceeded with url: /ajax/flights?w=in&date=23/07/2026&time=00:00&_wrapper_format=drupal_ajax (Caused by ConnectTimeoutError(<HTTPSConnection(host='www.bordeaux.aeroport.fr', port=443) at 0x7b5a66be3380>, 'Connection to www.bordeaux.aeroport.fr timed out. (connect timeout=10)'))
Erreur Départs: HTTPSConnectionPool(host='www.bordeaux.aeroport.fr', port=443): Max retries exceeded with url: /ajax/flights?w=out&date=23/07/2026&time=00:00&_wrapper_format=drupal_ajax (Caused by ConnectTimeoutError(<HTTPSConnection(host='www.bordeaux.aeroport.fr', port=443) at 0x7b5a66a82850>, 'Connection to www.bordeaux.aeroport.fr timed out. (connect timeout=10)'))
Erreur Arrivées: HTTPSConnectionPool(host='www.bordeaux.aeroport.fr', port=443): Max retries exceeded with url: /ajax/flights?w=in&date=23/07/2026&time=00:00&_wrapper_format=drupal_ajax (Caused by ConnectTimeoutError(<HTTPSConnection(host='www.bordeaux.aeroport.fr', port=443) at 0x792de8c93380>, 'Connection to www.bordeaux.aeroport.fr timed out. (connect timeout=10)'))
Erreur Départs: HTTPSConnectionPool(host='www.bordeaux.aeroport.fr', port=443): Max retries exceeded with url: /ajax/flights?w=out&date=23/07/2026&time=00:00&_wrapper_format=drupal_ajax (Caused by ConnectTimeoutError(<HTTPSConnection(host='www.bordeaux.aeroport.fr', port=443) at 0x792de8b36850>, 'Connection to www.bordeaux.aeroport.fr timed out. (connect timeout=10)'))
Erreur Arrivées: HTTPSConnectionPool(host='www.bordeaux.aeroport.fr', port=443): Max retries exceeded with url: /ajax/flights?w=in&date=23/07/2026&time=00:00&_wrapper_format=drupal_ajax (Caused by ConnectTimeoutError(<HTTPSConnection(host='www.bordeaux.aeroport.fr', port=443) at 0x7185e38bf380>, 'Connection to www.bordeaux.aeroport.fr timed out. (connect timeout=10)'))
Erreur Départs: HTTPSConnectionPool(host='www.bordeaux.aeroport.fr', port=443): Max retries exceeded with url: /ajax/flights?w=out&date=23/07/2026&time=00:00&_wrapper_format=drupal_ajax (Caused by ConnectTimeoutError(<HTTPSConnection(host='www.bordeaux.aeroport.fr', port=443) at 0x7185e3762850>, 'Connection to www.bordeaux.aeroport.fr timed out. (connect timeout=10)'))
Erreur Arrivées: HTTPSConnectionPool(host='www.bordeaux.aeroport.fr', port=443): Max retries exceeded with url: /ajax/flights?w=in&date=23/07/2026&time=00:00&_wrapper_format=drupal_ajax (Caused by ConnectTimeoutError(<HTTPSConnection(host='www.bordeaux.aeroport.fr', port=443) at 0x7e84c7e77380>, 'Connection to www.bordeaux.aeroport.fr timed out. (connect timeout=10)'))
Erreur Départs: HTTPSConnectionPool(host='www.bordeaux.aeroport.fr', port=443): Max retries exceeded with url: /ajax/flights?w=out&date=23/07/2026&time=00:00&_wrapper_format=drupal_ajax (Caused by ConnectTimeoutError(<HTTPSConnection(host='www.bordeaux.aeroport.fr', port=443) at 0x7e84c7d1a850>, 'Connection to www.bordeaux.aeroport.fr timed out. (connect timeout=10)'))
Erreur Arrivées: HTTPSConnectionPool(host='www.bordeaux.aeroport.fr', port=443): Max retries exceeded with url: /ajax/flights?w=in&date=23/07/2026&time=00:00&_wrapper_format=drupal_ajax (Caused by ConnectTimeoutError(<HTTPSConnection(host='www.bordeaux.aeroport.fr', port=443) at 0x7e5e34403380>, 'Connection to www.bordeaux.aeroport.fr timed out. (connect timeout=10)'))
Erreur Départs: HTTPSConnectionPool(host='www.bordeaux.aeroport.fr', port=443): Max retries exceeded with url: /ajax/flights?w=out&date=23/07/2026&time=00:00&_wrapper_format=drupal_ajax (Caused by ConnectTimeoutError(<HTTPSConnection(host='www.bordeaux.aeroport.fr', port=443) at 0x7e5e342a6850>, 'Connection to www.bordeaux.aeroport.fr timed out. (connect timeout=10)'))
Erreur Arrivées: HTTPSConnectionPool(host='www.bordeaux.aeroport.fr', port=443): Max retries exceeded with url: /ajax/flights?w=in&date=23/07/2026&time=00:00&_wrapper_format=drupal_ajax (Caused by ConnectTimeoutError(<HTTPSConnection(host='www.bordeaux.aeroport.fr', port=443) at 0x7a8df5c7f380>, 'Connection to www.bordeaux.aeroport.fr timed out. (connect timeout=10)'))
Erreur Départs: HTTPSConnectionPool(host='www.bordeaux.aeroport.fr', port=443): Max retries exceeded with url: /ajax/flights?w=out&date=23/07/2026&time=00:00&_wrapper_format=drupal_ajax (Caused by ConnectTimeoutError(<HTTPSConnection(host='www.bordeaux.aeroport.fr', port=443) at 0x7a8df5b22850>, 'Connection to www.bordeaux.aeroport.fr timed out. (connect timeout=10)'))
Erreur Arrivées: HTTPSConnectionPool(host='www.bordeaux.aeroport.fr', port=443): Max retries exceeded with url: /ajax/flights?w=in&date=23/07/2026&time=00:00&_wrapper_format=drupal_ajax (Caused by ConnectTimeoutError(<HTTPSConnection(host='www.bordeaux.aeroport.fr', port=443) at 0x746d69433380>, 'Connection to www.bordeaux.aeroport.fr timed out. (connect timeout=10)'))
Erreur Départs: HTTPSConnectionPool(host='www.bordeaux.aeroport.fr', port=443): Max retries exceeded with url: /ajax/flights?w=out&date=23/07/2026&time=00:00&_wrapper_format=drupal_ajax (Caused by ConnectTimeoutError(<HTTPSConnection(host='www.bordeaux.aeroport.fr', port=443) at 0x746d692d6850>, 'Connection to www.bordeaux.aeroport.fr timed out. (connect timeout=10)'))
Erreur Arrivées: HTTPSConnectionPool(host='www.bordeaux.aeroport.fr', port=443): Max retries exceeded with url: /ajax/flights?w=in&date=23/07/2026&time=00:00&_wrapper_format=drupal_ajax (Caused by ConnectTimeoutError(<HTTPSConnection(host='www.bordeaux.aeroport.fr', port=443) at 0x798ea3963380>, 'Connection to www.bordeaux.aeroport.fr timed out. (connect timeout=10)'))
Erreur Départs: HTTPSConnectionPool(host='www.bordeaux.aeroport.fr', port=443): Max retries exceeded with url: /ajax/flights?w=out&date=23/07/2026&time=00:00&_wrapper_format=drupal_ajax (Caused by ConnectTimeoutError(<HTTPSConnection(host='www.bordeaux.aeroport.fr', port=443) at 0x798ea3806850>, 'Connection to www.bordeaux.aeroport.fr timed out. (connect timeout=10)'))
Erreur Arrivées: HTTPSConnectionPool(host='www.bordeaux.aeroport.fr', port=443): Max retries exceeded with url: /ajax/flights?w=in&date=23/07/2026&time=00:00&_wrapper_format=drupal_ajax (Caused by ConnectTimeoutError(<HTTPSConnection(host='www.bordeaux.aeroport.fr', port=443) at 0x7ecfd6327380>, 'Connection to www.bordeaux.aeroport.fr timed out. (connect timeout=10)'))
Erreur Départs: HTTPSConnectionPool(host='www.bordeaux.aeroport.fr', port=443): Max retries exceeded with url: /ajax/flights?w=out&date=23/07/2026&time=00:00&_wrapper_format=drupal_ajax (Caused by ConnectTimeoutError(<HTTPSConnection(host='www.bordeaux.aeroport.fr', port=443) at 0x7ecfd61ca850>, 'Connection to www.bordeaux.aeroport.fr timed out. (connect timeout=10)'))
Erreur Arrivées: HTTPSConnectionPool(host='www.bordeaux.aeroport.fr', port=443): Max retries exceeded with url: /ajax/flights?w=in&date=23/07/2026&time=00:00&_wrapper_format=drupal_ajax (Caused by ConnectTimeoutError(<HTTPSConnection(host='www.bordeaux.aeroport.fr', port=443) at 0x7f4e539ff380>, 'Connection to www.bordeaux.aeroport.fr timed out. (connect timeout=10)'))
Erreur Départs: HTTPSConnectionPool(host='www.bordeaux.aeroport.fr', port=443): Max retries exceeded with url: /ajax/flights?w=out&date=23/07/2026&time=00:00&_wrapper_format=drupal_ajax (Caused by ConnectTimeoutError(<HTTPSConnection(host='www.bordeaux.aeroport.fr', port=443) at 0x7f4e5389e850>, 'Connection to www.bordeaux.aeroport.fr timed out. (connect timeout=10)'))
Erreur Arrivées: HTTPSConnectionPool(host='www.bordeaux.aeroport.fr', port=443): Max retries exceeded with url: /ajax/flights?w=in&date=23/07/2026&time=00:00&_wrapper_format=drupal_ajax (Caused by ConnectTimeoutError(<HTTPSConnection(host='www.bordeaux.aeroport.fr', port=443) at 0x773ed6c83380>, 'Connection to www.bordeaux.aeroport.fr timed out. (connect timeout=10)'))
Erreur Départs: HTTPSConnectionPool(host='www.bordeaux.aeroport.fr', port=443): Max retries exceeded with url: /ajax/flights?w=out&date=23/07/2026&time=00:00&_wrapper_format=drupal_ajax (Caused by ConnectTimeoutError(<HTTPSConnection(host='www.bordeaux.aeroport.fr', port=443) at 0x773ed6b26850>, 'Connection to www.bordeaux.aeroport.fr timed out. (connect timeout=10)'))
Erreur Arrivées: HTTPSConnectionPool(host='www.bordeaux.aeroport.fr', port=443): Max retries exceeded with url: /ajax/flights?w=in&date=23/07/2026&time=00:00&_wrapper_format=drupal_ajax (Caused by ConnectTimeoutError(<HTTPSConnection(host='www.bordeaux.aeroport.fr', port=443) at 0x7e25c21d7380>, 'Connection to www.bordeaux.aeroport.fr timed out. (connect timeout=10)'))
Erreur Départs: HTTPSConnectionPool(host='www.bordeaux.aeroport.fr', port=443): Max retries exceeded with url: /ajax/flights?w=out&date=23/07/2026&time=00:00&_wrapper_format=drupal_ajax (Caused by ConnectTimeoutError(<HTTPSConnection(host='www.bordeaux.aeroport.fr', port=443) at 0x7e25c207a850>, 'Connection to www.bordeaux.aeroport.fr timed out. (connect timeout=10)'))
Erreur Arrivées: HTTPSConnectionPool(host='www.bordeaux.aeroport.fr', port=443): Max retries exceeded with url: /ajax/flights?w=in&date=23/07/2026&time=00:00&_wrapper_format=drupal_ajax (Caused by ConnectTimeoutError(<HTTPSConnection(host='www.bordeaux.aeroport.fr', port=443) at 0x7a4c01c93380>, 'Connection to www.bordeaux.aeroport.fr timed out. (connect timeout=10)'))
Erreur Départs: HTTPSConnectionPool(host='www.bordeaux.aeroport.fr', port=443): Max retries exceeded with url: /ajax/flights?w=out&date=23/07/2026&time=00:00&_wrapper_format=drupal_ajax (Caused by ConnectTimeoutError(<HTTPSConnection(host='www.bordeaux.aeroport.fr', port=443) at 0x7a4c01b36850>, 'Connection to www.bordeaux.aeroport.fr timed out. (connect timeout=10)'))
Erreur Arrivées: HTTPSConnectionPool(host='www.bordeaux.aeroport.fr', port=443): Max retries exceeded with url: /ajax/flights?w=in&date=23/07/2026&time=00:00&_wrapper_format=drupal_ajax (Caused by ConnectTimeoutError(<HTTPSConnection(host='www.bordeaux.aeroport.fr', port=443) at 0x7ed1450db380>, 'Connection to www.bordeaux.aeroport.fr timed out. (connect timeout=10)'))
Erreur Départs: HTTPSConnectionPool(host='www.bordeaux.aeroport.fr', port=443): Max retries exceeded with url: /ajax/flights?w=out&date=23/07/2026&time=00:00&_wrapper_format=drupal_ajax (Caused by ConnectTimeoutError(<HTTPSConnection(host='www.bordeaux.aeroport.fr', port=443) at 0x7ed144f7e850>, 'Connection to www.bordeaux.aeroport.fr timed out. (connect timeout=10)'))
Erreur Arrivées: HTTPSConnectionPool(host='www.bordeaux.aeroport.fr', port=443): Max retries exceeded with url: /ajax/flights?w=in&date=23/07/2026&time=00:00&_wrapper_format=drupal_ajax (Caused by ConnectTimeoutError(<HTTPSConnection(host='www.bordeaux.aeroport.fr', port=443) at 0x79409618f380>, 'Connection to www.bordeaux.aeroport.fr timed out. (connect timeout=10)'))
Erreur Départs: HTTPSConnectionPool(host='www.bordeaux.aeroport.fr', port=443): Max retries exceeded with url: /ajax/flights?w=out&date=23/07/2026&time=00:00&_wrapper_format=drupal_ajax (Caused by ConnectTimeoutError(<HTTPSConnection(host='www.bordeaux.aeroport.fr', port=443) at 0x794096032850>, 'Connection to www.bordeaux.aeroport.fr timed out. (connect timeout=10)'))
Erreur Arrivées: HTTPSConnectionPool(host='www.bordeaux.aeroport.fr', port=443): Max retries exceeded with url: /ajax/flights?w=in&date=23/07/2026&time=00:00&_wrapper_format=drupal_ajax (Caused by ConnectTimeoutError(<HTTPSConnection(host='www.bordeaux.aeroport.fr', port=443) at 0x7ba9e283b380>, 'Connection to www.bordeaux.aeroport.fr timed out. (connect timeout=10)'))
Erreur Départs: HTTPSConnectionPool(host='www.bordeaux.aeroport.fr', port=443): Max retries exceeded with url: /ajax/flights?w=out&date=23/07/2026&time=00:00&_wrapper_format=drupal_ajax (Caused by ConnectTimeoutError(<HTTPSConnection(host='www.bordeaux.aeroport.fr', port=443) at 0x7ba9e26de850>, 'Connection to www.bordeaux.aeroport.fr timed out. (connect timeout=10)'))
Erreur Arrivées: HTTPSConnectionPool(host='www.bordeaux.aeroport.fr', port=443): Max retries exceeded with url: /ajax/flights?w=in&date=23/07/2026&time=00:00&_wrapper_format=drupal_ajax (Caused by ConnectTimeoutError(<HTTPSConnection(host='www.bordeaux.aeroport.fr', port=443) at 0x7b34e357b380>, 'Connection to www.bordeaux.aeroport.fr timed out. (connect timeout=10)'))
Erreur Départs: HTTPSConnectionPool(host='www.bordeaux.aeroport.fr', port=443): Max retries exceeded with url: /ajax/flights?w=out&date=23/07/2026&time=00:00&_wrapper_format=drupal_ajax (Caused by ConnectTimeoutError(<HTTPSConnection(host='www.bordeaux.aeroport.fr', port=443) at 0x7b34e341a850>, 'Connection to www.bordeaux.aeroport.fr timed out. (connect timeout=10)'))
Erreur Arrivées: HTTPSConnectionPool(host='www.bordeaux.aeroport.fr', port=443): Max retries exceeded with url: /ajax/flights?w=in&date=23/07/2026&time=00:00&_wrapper_format=drupal_ajax (Caused by ConnectTimeoutError(<HTTPSConnection(host='www.bordeaux.aeroport.fr', port=443) at 0x762111a5f380>, 'Connection to www.bordeaux.aeroport.fr timed out. (connect timeout=10)'))
Erreur Départs: HTTPSConnectionPool(host='www.bordeaux.aeroport.fr', port=443): Max retries exceeded with url: /ajax/flights?w=out&date=23/07/2026&time=00:00&_wrapper_format=drupal_ajax (Caused by ConnectTimeoutError(<HTTPSConnection(host='www.bordeaux.aeroport.fr', port=443) at 0x762111902850>, 'Connection to www.bordeaux.aeroport.fr timed out. (connect timeout=10)'))
Erreur Arrivées: HTTPSConnectionPool(host='www.bordeaux.aeroport.fr', port=443): Max retries exceeded with url: /ajax/flights?w=in&date=23/07/2026&time=00:00&_wrapper_format=drupal_ajax (Caused by ConnectTimeoutError(<HTTPSConnection(host='www.bordeaux.aeroport.fr', port=443) at 0x775ff6b37380>, 'Connection to www.bordeaux.aeroport.fr timed out. (connect timeout=10)'))
Erreur Départs: HTTPSConnectionPool(host='www.bordeaux.aeroport.fr', port=443): Max retries exceeded with url: /ajax/flights?w=out&date=23/07/2026&time=00:00&_wrapper_format=drupal_ajax (Caused by ConnectTimeoutError(<HTTPSConnection(host='www.bordeaux.aeroport.fr', port=443) at 0x775ff69da850>, 'Connection to www.bordeaux.aeroport.fr timed out. (connect timeout=10)'))
Erreur Arrivées: HTTPSConnectionPool(host='www.bordeaux.aeroport.fr', port=443): Max retries exceeded with url: /ajax/flights?w=in&date=23/07/2026&time=00:00&_wrapper_format=drupal_ajax (Caused by ConnectTimeoutError(<HTTPSConnection(host='www.bordeaux.aeroport.fr', port=443) at 0x78dfece6f380>, 'Connection to www.bordeaux.aeroport.fr timed out. (connect timeout=10)'))
Erreur Départs: HTTPSConnectionPool(host='www.bordeaux.aeroport.fr', port=443): Max retries exceeded with url: /ajax/flights?w=out&date=23/07/2026&time=00:00&_wrapper_format=drupal_ajax (Caused by ConnectTimeoutError(<HTTPSConnection(host='www.bordeaux.aeroport.fr', port=443) at 0x78dfecd12850>, 'Connection to www.bordeaux.aeroport.fr timed out. (connect timeout=10)'))
Erreur Arrivées: HTTPSConnectionPool(host='www.bordeaux.aeroport.fr', port=443): Max retries exceeded with url: /ajax/flights?w=in&date=23/07/2026&time=00:00&_wrapper_format=drupal_ajax (Caused by ConnectTimeoutError(<HTTPSConnection(host='www.bordeaux.aeroport.fr', port=443) at 0x7d84c38ab380>, 'Connection to www.bordeaux.aeroport.fr timed out. (connect timeout=10)'))
Erreur Départs: HTTPSConnectionPool(host='www.bordeaux.aeroport.fr', port=443): Max retries exceeded with url: /ajax/flights?w=out&date=23/07/2026&time=00:00&_wrapper_format=drupal_ajax (Caused by ConnectTimeoutError(<HTTPSConnection(host='www.bordeaux.aeroport.fr', port=443) at 0x7d84c374e850>, 'Connection to www.bordeaux.aeroport.fr timed out. (connect timeout=10)'))
Erreur Arrivées: HTTPSConnectionPool(host='www.bordeaux.aeroport.fr', port=443): Max retries exceeded with url: /ajax/flights?w=in&date=23/07/2026&time=00:00&_wrapper_format=drupal_ajax (Caused by ConnectTimeoutError(<HTTPSConnection(host='www.bordeaux.aeroport.fr', port=443) at 0x79587ea77380>, 'Connection to www.bordeaux.aeroport.fr timed out. (connect timeout=10)'))
Erreur Départs: HTTPSConnectionPool(host='www.bordeaux.aeroport.fr', port=443): Max retries exceeded with url: /ajax/flights?w=out&date=23/07/2026&time=00:00&_wrapper_format=drupal_ajax (Caused by ConnectTimeoutError(<HTTPSConnection(host='www.bordeaux.aeroport.fr', port=443) at 0x79587e91a850>, 'Connection to www.bordeaux.aeroport.fr timed out. (connect timeout=10)'))
Erreur Arrivées: HTTPSConnectionPool(host='www.bordeaux.aeroport.fr', port=443): Max retries exceeded with url: /ajax/flights?w=in&date=23/07/2026&time=00:00&_wrapper_format=drupal_ajax (Caused by ConnectTimeoutError(<HTTPSConnection(host='www.bordeaux.aeroport.fr', port=443) at 0x704858f93380>, 'Connection to www.bordeaux.aeroport.fr timed out. (connect timeout=10)'))
Erreur Départs: HTTPSConnectionPool(host='www.bordeaux.aeroport.fr', port=443): Max retries exceeded with url: /ajax/flights?w=out&date=23/07/2026&time=00:00&_wrapper_format=drupal_ajax (Caused by ConnectTimeoutError(<HTTPSConnection(host='www.bordeaux.aeroport.fr', port=443) at 0x704858e36850>, 'Connection to www.bordeaux.aeroport.fr timed out. (connect timeout=10)'))
Erreur Arrivées: HTTPSConnectionPool(host='www.bordeaux.aeroport.fr', port=443): Max retries exceeded with url: /ajax/flights?w=in&date=23/07/2026&time=00:00&_wrapper_format=drupal_ajax (Caused by ConnectTimeoutError(<HTTPSConnection(host='www.bordeaux.aeroport.fr', port=443) at 0x7e69271d7380>, 'Connection to www.bordeaux.aeroport.fr timed out. (connect timeout=10)'))
Erreur Départs: HTTPSConnectionPool(host='www.bordeaux.aeroport.fr', port=443): Max retries exceeded with url: /ajax/flights?w=out&date=23/07/2026&time=00:00&_wrapper_format=drupal_ajax (Caused by ConnectTimeoutError(<HTTPSConnection(host='www.bordeaux.aeroport.fr', port=443) at 0x7e692707a850>, 'Connection to www.bordeaux.aeroport.fr timed out. (connect timeout=10)'))
Erreur Arrivées: HTTPSConnectionPool(host='www.bordeaux.aeroport.fr', port=443): Max retries exceeded with url: /ajax/flights?w=in&date=23/07/2026&time=00:00&_wrapper_format=drupal_ajax (Caused by ConnectTimeoutError(<HTTPSConnection(host='www.bordeaux.aeroport.fr', port=443) at 0x7dddb3a93380>, 'Connection to www.bordeaux.aeroport.fr timed out. (connect timeout=10)'))
Erreur Départs: HTTPSConnectionPool(host='www.bordeaux.aeroport.fr', port=443): Max retries exceeded with url: /ajax/flights?w=out&date=23/07/2026&time=00:00&_wrapper_format=drupal_ajax (Caused by ConnectTimeoutError(<HTTPSConnection(host='www.bordeaux.aeroport.fr', port=443) at 0x7dddb3936850>, 'Connection to www.bordeaux.aeroport.fr timed out. (connect timeout=10)'))
Erreur Arrivées: HTTPSConnectionPool(host='www.bordeaux.aeroport.fr', port=443): Max retries exceeded with url: /ajax/flights?w=in&date=23/07/2026&time=00:00&_wrapper_format=drupal_ajax (Caused by ConnectTimeoutError(<HTTPSConnection(host='www.bordeaux.aeroport.fr', port=443) at 0x7afedad2b380>, 'Connection to www.bordeaux.aeroport.fr timed out. (connect timeout=10)'))
Erreur Départs: HTTPSConnectionPool(host='www.bordeaux.aeroport.fr', port=443): Max retries exceeded with url: /ajax/flights?w=out&date=23/07/2026&time=00:00&_wrapper_format=drupal_ajax (Caused by ConnectTimeoutError(<HTTPSConnection(host='www.bordeaux.aeroport.fr', port=443) at 0x7afedabce850>, 'Connection to www.bordeaux.aeroport.fr timed out. (connect timeout=10)'))
Erreur Arrivées: HTTPSConnectionPool(host='www.bordeaux.aeroport.fr', port=443): Max retries exceeded with url: /ajax/flights?w=in&date=23/07/2026&time=00:00&_wrapper_format=drupal_ajax (Caused by ConnectTimeoutError(<HTTPSConnection(host='www.bordeaux.aeroport.fr', port=443) at 0x77a3af593380>, 'Connection to www.bordeaux.aeroport.fr timed out. (connect timeout=10)'))
Erreur Départs: HTTPSConnectionPool(host='www.bordeaux.aeroport.fr', port=443): Max retries exceeded with url: /ajax/flights?w=out&date=23/07/2026&time=00:00&_wrapper_format=drupal_ajax (Caused by ConnectTimeoutError(<HTTPSConnection(host='www.bordeaux.aeroport.fr', port=443) at 0x77a3af436850>, 'Connection to www.bordeaux.aeroport.fr timed out. (connect timeout=10)'))
Erreur Arrivées: HTTPSConnectionPool(host='www.bordeaux.aeroport.fr', port=443): Max retries exceeded with url: /ajax/flights?w=in&date=23/07/2026&time=00:00&_wrapper_format=drupal_ajax (Caused by ConnectTimeoutError(<HTTPSConnection(host='www.bordeaux.aeroport.fr', port=443) at 0x76362a1cb380>, 'Connection to www.bordeaux.aeroport.fr timed out. (connect timeout=10)'))
Erreur Départs: HTTPSConnectionPool(host='www.bordeaux.aeroport.fr', port=443): Max retries exceeded with url: /ajax/flights?w=out&date=23/07/2026&time=00:00&_wrapper_format=drupal_ajax (Caused by ConnectTimeoutError(<HTTPSConnection(host='www.bordeaux.aeroport.fr', port=443) at 0x76362a06e850>, 'Connection to www.bordeaux.aeroport.fr timed out. (connect timeout=10)'))
Erreur Arrivées: HTTPSConnectionPool(host='www.bordeaux.aeroport.fr', port=443): Max retries exceeded with url: /ajax/flights?w=in&date=23/07/2026&time=00:00&_wrapper_format=drupal_ajax (Caused by ConnectTimeoutError(<HTTPSConnection(host='www.bordeaux.aeroport.fr', port=443) at 0x72dd88963380>, 'Connection to www.bordeaux.aeroport.fr timed out. (connect timeout=10)'))
Erreur Départs: HTTPSConnectionPool(host='www.bordeaux.aeroport.fr', port=443): Max retries exceeded with url: /ajax/flights?w=out&date=23/07/2026&time=00:00&_wrapper_format=drupal_ajax (Caused by ConnectTimeoutError(<HTTPSConnection(host='www.bordeaux.aeroport.fr', port=443) at 0x72dd88806850>, 'Connection to www.bordeaux.aeroport.fr timed out. (connect timeout=10)'))
Erreur Arrivées: HTTPSConnectionPool(host='www.bordeaux.aeroport.fr', port=443): Max retries exceeded with url: /ajax/flights?w=in&date=23/07/2026&time=00:00&_wrapper_format=drupal_ajax (Caused by ConnectTimeoutError(<HTTPSConnection(host='www.bordeaux.aeroport.fr', port=443) at 0x756ea1d67380>, 'Connection to www.bordeaux.aeroport.fr timed out. (connect timeout=10)'))
Erreur Départs: HTTPSConnectionPool(host='www.bordeaux.aeroport.fr', port=443): Max retries exceeded with url: /ajax/flights?w=out&date=23/07/2026&time=00:00&_wrapper_format=drupal_ajax (Caused by ConnectTimeoutError(<HTTPSConnection(host='www.bordeaux.aeroport.fr', port=443) at 0x756ea1c0a850>, 'Connection to www.bordeaux.aeroport.fr timed out. (connect timeout=10)'))
Erreur Arrivées: HTTPSConnectionPool(host='www.bordeaux.aeroport.fr', port=443): Max retries exceeded with url: /ajax/flights?w=in&date=23/07/2026&time=00:00&_wrapper_format=drupal_ajax (Caused by ConnectTimeoutError(<HTTPSConnection(host='www.bordeaux.aeroport.fr', port=443) at 0x7fe0642ab380>, 'Connection to www.bordeaux.aeroport.fr timed out. (connect timeout=10)'))
Erreur Départs: HTTPSConnectionPool(host='www.bordeaux.aeroport.fr', port=443): Max retries exceeded with url: /ajax/flights?w=out&date=23/07/2026&time=00:00&_wrapper_format=drupal_ajax (Caused by ConnectTimeoutError(<HTTPSConnection(host='www.bordeaux.aeroport.fr', port=443) at 0x7fe06414e850>, 'Connection to www.bordeaux.aeroport.fr timed out. (connect timeout=10)'))
Erreur Arrivées: HTTPSConnectionPool(host='www.bordeaux.aeroport.fr', port=443): Max retries exceeded with url: /ajax/flights?w=in&date=23/07/2026&time=00:00&_wrapper_format=drupal_ajax (Caused by ConnectTimeoutError(<HTTPSConnection(host='www.bordeaux.aeroport.fr', port=443) at 0x7e708b2ab380>, 'Connection to www.bordeaux.aeroport.fr timed out. (connect timeout=10)'))
Erreur Départs: HTTPSConnectionPool(host='www.bordeaux.aeroport.fr', port=443): Max retries exceeded with url: /ajax/flights?w=out&date=23/07/2026&time=00:00&_wrapper_format=drupal_ajax (Caused by ConnectTimeoutError(<HTTPSConnection(host='www.bordeaux.aeroport.fr', port=443) at 0x7e708b14e850>, 'Connection to www.bordeaux.aeroport.fr timed out. (connect timeout=10)'))
Erreur Arrivées: HTTPSConnectionPool(host='www.bordeaux.aeroport.fr', port=443): Max retries exceeded with url: /ajax/flights?w=in&date=23/07/2026&time=00:00&_wrapper_format=drupal_ajax (Caused by ConnectTimeoutError(<HTTPSConnection(host='www.bordeaux.aeroport.fr', port=443) at 0x74db2f50f380>, 'Connection to www.bordeaux.aeroport.fr timed out. (connect timeout=10)'))
Erreur Départs: HTTPSConnectionPool(host='www.bordeaux.aeroport.fr', port=443): Max retries exceeded with url: /ajax/flights?w=out&date=23/07/2026&time=00:00&_wrapper_format=drupal_ajax (Caused by ConnectTimeoutError(<HTTPSConnection(host='www.bordeaux.aeroport.fr', port=443) at 0x74db2f3b2850>, 'Connection to www.bordeaux.aeroport.fr timed out. (connect timeout=10)'))
Erreur Arrivées: HTTPSConnectionPool(host='www.bordeaux.aeroport.fr', port=443): Max retries exceeded with url: /ajax/flights?w=in&date=23/07/2026&time=00:00&_wrapper_format=drupal_ajax (Caused by ConnectTimeoutError(<HTTPSConnection(host='www.bordeaux.aeroport.fr', port=443) at 0x7ddfaf59b380>, 'Connection to www.bordeaux.aeroport.fr timed out. (connect timeout=10)'))
Erreur Départs: HTTPSConnectionPool(host='www.bordeaux.aeroport.fr', port=443): Max retries exceeded with url: /ajax/flights?w=out&date=23/07/2026&time=00:00&_wrapper_format=drupal_ajax (Caused by ConnectTimeoutError(<HTTPSConnection(host='www.bordeaux.aeroport.fr', port=443) at 0x7ddfaf43a850>, 'Connection to www.bordeaux.aeroport.fr timed out. (connect timeout=10)'))
Erreur Arrivées: HTTPSConnectionPool(host='www.bordeaux.aeroport.fr', port=443): Max retries exceeded with url: /ajax/flights?w=in&date=23/07/2026&time=00:00&_wrapper_format=drupal_ajax (Caused by ConnectTimeoutError(<HTTPSConnection(host='www.bordeaux.aeroport.fr', port=443) at 0x746556497380>, 'Connection to www.bordeaux.aeroport.fr timed out. (connect timeout=10)'))
Erreur Départs: HTTPSConnectionPool(host='www.bordeaux.aeroport.fr', port=443): Max retries exceeded with url: /ajax/flights?w=out&date=23/07/2026&time=00:00&_wrapper_format=drupal_ajax (Caused by ConnectTimeoutError(<HTTPSConnection(host='www.bordeaux.aeroport.fr', port=443) at 0x74655633a850>, 'Connection to www.bordeaux.aeroport.fr timed out. (connect timeout=10)'))
Erreur Arrivées: HTTPSConnectionPool(host='www.bordeaux.aeroport.fr', port=443): Max retries exceeded with url: /ajax/flights?w=in&date=23/07/2026&time=00:00&_wrapper_format=drupal_ajax (Caused by ConnectTimeoutError(<HTTPSConnection(host='www.bordeaux.aeroport.fr', port=443) at 0x72b9fccc7380>, 'Connection to www.bordeaux.aeroport.fr timed out. (connect timeout=10)'))
Erreur Départs: HTTPSConnectionPool(host='www.bordeaux.aeroport.fr', port=443): Max retries exceeded with url: /ajax/flights?w=out&date=23/07/2026&time=00:00&_wrapper_format=drupal_ajax (Caused by ConnectTimeoutError(<HTTPSConnection(host='www.bordeaux.aeroport.fr', port=443) at 0x72b9fcb6a850>, 'Connection to www.bordeaux.aeroport.fr timed out. (connect timeout=10)'))
Erreur Arrivées: HTTPSConnectionPool(host='www.bordeaux.aeroport.fr', port=443): Max retries exceeded with url: /ajax/flights?w=in&date=23/07/2026&time=00:00&_wrapper_format=drupal_ajax (Caused by ConnectTimeoutError(<HTTPSConnection(host='www.bordeaux.aeroport.fr', port=443) at 0x73d55679b380>, 'Connection to www.bordeaux.aeroport.fr timed out. (connect timeout=10)'))
Erreur Départs: HTTPSConnectionPool(host='www.bordeaux.aeroport.fr', port=443): Max retries exceeded with url: /ajax/flights?w=out&date=23/07/2026&time=00:00&_wrapper_format=drupal_ajax (Caused by ConnectTimeoutError(<HTTPSConnection(host='www.bordeaux.aeroport.fr', port=443) at 0x73d55663a850>, 'Connection to www.bordeaux.aeroport.fr timed out. (connect timeout=10)'))
Erreur Arrivées: HTTPSConnectionPool(host='www.bordeaux.aeroport.fr', port=443): Max retries exceeded with url: /ajax/flights?w=in&date=23/07/2026&time=00:00&_wrapper_format=drupal_ajax (Caused by ConnectTimeoutError(<HTTPSConnection(host='www.bordeaux.aeroport.fr', port=443) at 0x721bd0277380>, 'Connection to www.bordeaux.aeroport.fr timed out. (connect timeout=10)'))
Erreur Départs: HTTPSConnectionPool(host='www.bordeaux.aeroport.fr', port=443): Max retries exceeded with url: /ajax/flights?w=out&date=23/07/2026&time=00:00&_wrapper_format=drupal_ajax (Caused by ConnectTimeoutError(<HTTPSConnection(host='www.bordeaux.aeroport.fr', port=443) at 0x721bd011a850>, 'Connection to www.bordeaux.aeroport.fr timed out. (connect timeout=10)'))
Erreur Arrivées: HTTPSConnectionPool(host='www.bordeaux.aeroport.fr', port=443): Max retries exceeded with url: /ajax/flights?w=in&date=23/07/2026&time=00:00&_wrapper_format=drupal_ajax (Caused by ConnectTimeoutError(<HTTPSConnection(host='www.bordeaux.aeroport.fr', port=443) at 0x7db3dcbc3380>, 'Connection to www.bordeaux.aeroport.fr timed out. (connect timeout=10)'))
Erreur Départs: HTTPSConnectionPool(host='www.bordeaux.aeroport.fr', port=443): Max retries exceeded with url: /ajax/flights?w=out&date=23/07/2026&time=00:00&_wrapper_format=drupal_ajax (Caused by ConnectTimeoutError(<HTTPSConnection(host='www.bordeaux.aeroport.fr', port=443) at 0x7db3dca66850>, 'Connection to www.bordeaux.aeroport.fr timed out. (connect timeout=10)'))
Erreur Arrivées: HTTPSConnectionPool(host='www.bordeaux.aeroport.fr', port=443): Max retries exceeded with url: /ajax/flights?w=in&date=23/07/2026&time=00:00&_wrapper_format=drupal_ajax (Caused by ConnectTimeoutError(<HTTPSConnection(host='www.bordeaux.aeroport.fr', port=443) at 0x7e0ab712b380>, 'Connection to www.bordeaux.aeroport.fr timed out. (connect timeout=10)'))
Erreur Départs: HTTPSConnectionPool(host='www.bordeaux.aeroport.fr', port=443): Max retries exceeded with url: /ajax/flights?w=out&date=23/07/2026&time=00:00&_wrapper_format=drupal_ajax (Caused by ConnectTimeoutError(<HTTPSConnection(host='www.bordeaux.aeroport.fr', port=443) at 0x7e0ab6fce850>, 'Connection to www.bordeaux.aeroport.fr timed out. (connect timeout=10)'))
Erreur Arrivées: HTTPSConnectionPool(host='www.bordeaux.aeroport.fr', port=443): Max retries exceeded with url: /ajax/flights?w=in&date=23/07/2026&time=00:00&_wrapper_format=drupal_ajax (Caused by ConnectTimeoutError(<HTTPSConnection(host='www.bordeaux.aeroport.fr', port=443) at 0x732f2070f380>, 'Connection to www.bordeaux.aeroport.fr timed out. (connect timeout=10)'))
Erreur Départs: HTTPSConnectionPool(host='www.bordeaux.aeroport.fr', port=443): Max retries exceeded with url: /ajax/flights?w=out&date=23/07/2026&time=00:00&_wrapper_format=drupal_ajax (Caused by ConnectTimeoutError(<HTTPSConnection(host='www.bordeaux.aeroport.fr', port=443) at 0x732f205b2850>, 'Connection to www.bordeaux.aeroport.fr timed out. (connect timeout=10)'))
Erreur Arrivées: HTTPSConnectionPool(host='www.bordeaux.aeroport.fr', port=443): Max retries exceeded with url: /ajax/flights?w=in&date=23/07/2026&time=00:00&_wrapper_format=drupal_ajax (Caused by ConnectTimeoutError(<HTTPSConnection(host='www.bordeaux.aeroport.fr', port=443) at 0x7612444e3380>, 'Connection to www.bordeaux.aeroport.fr timed out. (connect timeout=10)'))
Erreur Départs: HTTPSConnectionPool(host='www.bordeaux.aeroport.fr', port=443): Max retries exceeded with url: /ajax/flights?w=out&date=23/07/2026&time=00:00&_wrapper_format=drupal_ajax (Caused by ConnectTimeoutError(<HTTPSConnection(host='www.bordeaux.aeroport.fr', port=443) at 0x761244386850>, 'Connection to www.bordeaux.aeroport.fr timed out. (connect timeout=10)'))
Erreur Arrivées: HTTPSConnectionPool(host='www.bordeaux.aeroport.fr', port=443): Max retries exceeded with url: /ajax/flights?w=in&date=23/07/2026&time=00:00&_wrapper_format=drupal_ajax (Caused by ConnectTimeoutError(<HTTPSConnection(host='www.bordeaux.aeroport.fr', port=443) at 0x7a10665bb380>, 'Connection to www.bordeaux.aeroport.fr timed out. (connect timeout=10)'))
Erreur Départs: HTTPSConnectionPool(host='www.bordeaux.aeroport.fr', port=443): Max retries exceeded with url: /ajax/flights?w=out&date=23/07/2026&time=00:00&_wrapper_format=drupal_ajax (Caused by ConnectTimeoutError(<HTTPSConnection(host='www.bordeaux.aeroport.fr', port=443) at 0x7a106645e850>, 'Connection to www.bordeaux.aeroport.fr timed out. (connect timeout=10)'))
Erreur Arrivées: HTTPSConnectionPool(host='www.bordeaux.aeroport.fr', port=443): Max retries exceeded with url: /ajax/flights?w=in&date=23/07/2026&time=00:00&_wrapper_format=drupal_ajax (Caused by ConnectTimeoutError(<HTTPSConnection(host='www.bordeaux.aeroport.fr', port=443) at 0x771488283380>, 'Connection to www.bordeaux.aeroport.fr timed out. (connect timeout=10)'))
Erreur Départs: HTTPSConnectionPool(host='www.bordeaux.aeroport.fr', port=443): Max retries exceeded with url: /ajax/flights?w=out&date=23/07/2026&time=00:00&_wrapper_format=drupal_ajax (Caused by ConnectTimeoutError(<HTTPSConnection(host='www.bordeaux.aeroport.fr', port=443) at 0x771488126850>, 'Connection to www.bordeaux.aeroport.fr timed out. (connect timeout=10)'))
Erreur Arrivées: HTTPSConnectionPool(host='www.bordeaux.aeroport.fr', port=443): Max retries exceeded with url: /ajax/flights?w=in&date=23/07/2026&time=00:00&_wrapper_format=drupal_ajax (Caused by ConnectTimeoutError(<HTTPSConnection(host='www.bordeaux.aeroport.fr', port=443) at 0x7fc1d26c7380>, 'Connection to www.bordeaux.aeroport.fr timed out. (connect timeout=10)'))
Erreur Départs: HTTPSConnectionPool(host='www.bordeaux.aeroport.fr', port=443): Max retries exceeded with url: /ajax/flights?w=out&date=23/07/2026&time=00:00&_wrapper_format=drupal_ajax (Caused by ConnectTimeoutError(<HTTPSConnection(host='www.bordeaux.aeroport.fr', port=443) at 0x7fc1d256a850>, 'Connection to www.bordeaux.aeroport.fr timed out. (connect timeout=10)'))
Erreur Arrivées: HTTPSConnectionPool(host='www.bordeaux.aeroport.fr', port=443): Max retries exceeded with url: /ajax/flights?w=in&date=23/07/2026&time=00:00&_wrapper_format=drupal_ajax (Caused by ConnectTimeoutError(<HTTPSConnection(host='www.bordeaux.aeroport.fr', port=443) at 0x77529803b380>, 'Connection to www.bordeaux.aeroport.fr timed out. (connect timeout=10)'))
Erreur Départs: HTTPSConnectionPool(host='www.bordeaux.aeroport.fr', port=443): Max retries exceeded with url: /ajax/flights?w=out&date=23/07/2026&time=00:00&_wrapper_format=drupal_ajax (Caused by ConnectTimeoutError(<HTTPSConnection(host='www.bordeaux.aeroport.fr', port=443) at 0x775297ede850>, 'Connection to www.bordeaux.aeroport.fr timed out. (connect timeout=10)'))
Erreur Arrivées: HTTPSConnectionPool(host='www.bordeaux.aeroport.fr', port=443): Max retries exceeded with url: /ajax/flights?w=in&date=23/07/2026&time=00:00&_wrapper_format=drupal_ajax (Caused by ConnectTimeoutError(<HTTPSConnection(host='www.bordeaux.aeroport.fr', port=443) at 0x764f6ed7b380>, 'Connection to www.bordeaux.aeroport.fr timed out. (connect timeout=10)'))
Erreur Départs: HTTPSConnectionPool(host='www.bordeaux.aeroport.fr', port=443): Max retries exceeded with url: /ajax/flights?w=out&date=23/07/2026&time=00:00&_wrapper_format=drupal_ajax (Caused by ConnectTimeoutError(<HTTPSConnection(host='www.bordeaux.aeroport.fr', port=443) at 0x764f6ec1a850>, 'Connection to www.bordeaux.aeroport.fr timed out. (connect timeout=10)'))
Erreur Arrivées: HTTPSConnectionPool(host='www.bordeaux.aeroport.fr', port=443): Max retries exceeded with url: /ajax/flights?w=in&date=23/07/2026&time=00:00&_wrapper_format=drupal_ajax (Caused by ConnectTimeoutError(<HTTPSConnection(host='www.bordeaux.aeroport.fr', port=443) at 0x7c43bf137380>, 'Connection to www.bordeaux.aeroport.fr timed out. (connect timeout=10)'))
Erreur Départs: HTTPSConnectionPool(host='www.bordeaux.aeroport.fr', port=443): Max retries exceeded with url: /ajax/flights?w=out&date=23/07/2026&time=00:00&_wrapper_format=drupal_ajax (Caused by ConnectTimeoutError(<HTTPSConnection(host='www.bordeaux.aeroport.fr', port=443) at 0x7c43befda850>, 'Connection to www.bordeaux.aeroport.fr timed out. (connect timeout=10)'))
Erreur Arrivées: HTTPSConnectionPool(host='www.bordeaux.aeroport.fr', port=443): Max retries exceeded with url: /ajax/flights?w=in&date=23/07/2026&time=00:00&_wrapper_format=drupal_ajax (Caused by ConnectTimeoutError(<HTTPSConnection(host='www.bordeaux.aeroport.fr', port=443) at 0x7bd6a2dbb380>, 'Connection to www.bordeaux.aeroport.fr timed out. (connect timeout=10)'))
Erreur Départs: HTTPSConnectionPool(host='www.bordeaux.aeroport.fr', port=443): Max retries exceeded with url: /ajax/flights?w=out&date=23/07/2026&time=00:00&_wrapper_format=drupal_ajax (Caused by ConnectTimeoutError(<HTTPSConnection(host='www.bordeaux.aeroport.fr', port=443) at 0x7bd6a2c5e850>, 'Connection to www.bordeaux.aeroport.fr timed out. (connect timeout=10)'))
Erreur Arrivées: HTTPSConnectionPool(host='www.bordeaux.aeroport.fr', port=443): Max retries exceeded with url: /ajax/flights?w=in&date=23/07/2026&time=00:00&_wrapper_format=drupal_ajax (Caused by ConnectTimeoutError(<HTTPSConnection(host='www.bordeaux.aeroport.fr', port=443) at 0x7cedbf03b380>, 'Connection to www.bordeaux.aeroport.fr timed out. (connect timeout=10)'))
Erreur Départs: HTTPSConnectionPool(host='www.bordeaux.aeroport.fr', port=443): Max retries exceeded with url: /ajax/flights?w=out&date=23/07/2026&time=00:00&_wrapper_format=drupal_ajax (Caused by ConnectTimeoutError(<HTTPSConnection(host='www.bordeaux.aeroport.fr', port=443) at 0x7cedbeede850>, 'Connection to www.bordeaux.aeroport.fr timed out. (connect timeout=10)'))
Erreur Arrivées: HTTPSConnectionPool(host='www.bordeaux.aeroport.fr', port=443): Max retries exceeded with url: /ajax/flights?w=in&date=23/07/2026&time=00:00&_wrapper_format=drupal_ajax (Caused by ConnectTimeoutError(<HTTPSConnection(host='www.bordeaux.aeroport.fr', port=443) at 0x7788beae7380>, 'Connection to www.bordeaux.aeroport.fr timed out. (connect timeout=10)'))
Erreur Départs: HTTPSConnectionPool(host='www.bordeaux.aeroport.fr', port=443): Max retries exceeded with url: /ajax/flights?w=out&date=23/07/2026&time=00:00&_wrapper_format=drupal_ajax (Caused by ConnectTimeoutError(<HTTPSConnection(host='www.bordeaux.aeroport.fr', port=443) at 0x7788be98a850>, 'Connection to www.bordeaux.aeroport.fr timed out. (connect timeout=10)'))
Erreur Arrivées: HTTPSConnectionPool(host='www.bordeaux.aeroport.fr', port=443): Max retries exceeded with url: /ajax/flights?w=in&date=23/07/2026&time=00:00&_wrapper_format=drupal_ajax (Caused by ConnectTimeoutError(<HTTPSConnection(host='www.bordeaux.aeroport.fr', port=443) at 0x7974b517b380>, 'Connection to www.bordeaux.aeroport.fr timed out. (connect timeout=10)'))
Erreur Départs: HTTPSConnectionPool(host='www.bordeaux.aeroport.fr', port=443): Max retries exceeded with url: /ajax/flights?w=out&date=23/07/2026&time=00:00&_wrapper_format=drupal_ajax (Caused by ConnectTimeoutError(<HTTPSConnection(host='www.bordeaux.aeroport.fr', port=443) at 0x7974b501a850>, 'Connection to www.bordeaux.aeroport.fr timed out. (connect timeout=10)'))
Erreur Arrivées: HTTPSConnectionPool(host='www.bordeaux.aeroport.fr', port=443): Max retries exceeded with url: /ajax/flights?w=in&date=23/07/2026&time=00:00&_wrapper_format=drupal_ajax (Caused by ConnectTimeoutError(<HTTPSConnection(host='www.bordeaux.aeroport.fr', port=443) at 0x70692f3e3380>, 'Connection to www.bordeaux.aeroport.fr timed out. (connect timeout=10)'))
Erreur Départs: HTTPSConnectionPool(host='www.bordeaux.aeroport.fr', port=443): Max retries exceeded with url: /ajax/flights?w=out&date=23/07/2026&time=00:00&_wrapper_format=drupal_ajax (Caused by ConnectTimeoutError(<HTTPSConnection(host='www.bordeaux.aeroport.fr', port=443) at 0x70692f282850>, 'Connection to www.bordeaux.aeroport.fr timed out. (connect timeout=10)'))
Erreur Arrivées: HTTPSConnectionPool(host='www.bordeaux.aeroport.fr', port=443): Max retries exceeded with url: /ajax/flights?w=in&date=23/07/2026&time=00:00&_wrapper_format=drupal_ajax (Caused by ConnectTimeoutError(<HTTPSConnection(host='www.bordeaux.aeroport.fr', port=443) at 0x7cd382eab380>, 'Connection to www.bordeaux.aeroport.fr timed out. (connect timeout=10)'))
Erreur Départs: HTTPSConnectionPool(host='www.bordeaux.aeroport.fr', port=443): Max retries exceeded with url: /ajax/flights?w=out&date=23/07/2026&time=00:00&_wrapper_format=drupal_ajax (Caused by ConnectTimeoutError(<HTTPSConnection(host='www.bordeaux.aeroport.fr', port=443) at 0x7cd382d4e850>, 'Connection to www.bordeaux.aeroport.fr timed out. (connect timeout=10)'))
