/home/ubuntu/stats_des_pistes/backend/generate_score.py:9: DeprecationWarning: datetime.datetime.utcnow() is deprecated and scheduled for removal in a future version. Use timezone-aware objects to represent datetimes in UTC: datetime.datetime.now(datetime.UTC).
  yesterday_str = (datetime.utcnow() - timedelta(days=1)).strftime("%Y-%m-%d")
[-] Pas de données Aérovision pour le 2026-07-14.
/home/ubuntu/stats_des_pistes/backend/generate_score.py:9: DeprecationWarning: datetime.datetime.utcnow() is deprecated and scheduled for removal in a future version. Use timezone-aware objects to represent datetimes in UTC: datetime.datetime.now(datetime.UTC).
  yesterday_str = (datetime.utcnow() - timedelta(days=1)).strftime("%Y-%m-%d")
[-] Pas de données Aérovision pour le 2026-07-15.
/home/ubuntu/stats_des_pistes/backend/generate_score.py:9: DeprecationWarning: datetime.datetime.utcnow() is deprecated and scheduled for removal in a future version. Use timezone-aware objects to represent datetimes in UTC: datetime.datetime.now(datetime.UTC).
  yesterday_str = (datetime.utcnow() - timedelta(days=1)).strftime("%Y-%m-%d")
[-] Pas de données Aérovision pour le 2026-07-16.
/home/ubuntu/stats_des_pistes/backend/generate_score.py:9: DeprecationWarning: datetime.datetime.utcnow() is deprecated and scheduled for removal in a future version. Use timezone-aware objects to represent datetimes in UTC: datetime.datetime.now(datetime.UTC).
  yesterday_str = (datetime.utcnow() - timedelta(days=1)).strftime("%Y-%m-%d")
[-] Pas de données Aérovision pour le 2026-07-17.
/home/ubuntu/stats_des_pistes/backend/generate_score.py:9: DeprecationWarning: datetime.datetime.utcnow() is deprecated and scheduled for removal in a future version. Use timezone-aware objects to represent datetimes in UTC: datetime.datetime.now(datetime.UTC).
  yesterday_str = (datetime.utcnow() - timedelta(days=1)).strftime("%Y-%m-%d")
[-] Pas de données Aérovision pour le 2026-07-18.
/home/ubuntu/stats_des_pistes/backend/generate_score.py:9: DeprecationWarning: datetime.datetime.utcnow() is deprecated and scheduled for removal in a future version. Use timezone-aware objects to represent datetimes in UTC: datetime.datetime.now(datetime.UTC).
  yesterday_str = (datetime.utcnow() - timedelta(days=1)).strftime("%Y-%m-%d")
[-] Pas de données Aérovision pour le 2026-07-19.
/home/ubuntu/stats_des_pistes/backend/generate_score.py:9: DeprecationWarning: datetime.datetime.utcnow() is deprecated and scheduled for removal in a future version. Use timezone-aware objects to represent datetimes in UTC: datetime.datetime.now(datetime.UTC).
  yesterday_str = (datetime.utcnow() - timedelta(days=1)).strftime("%Y-%m-%d")
Traceback (most recent call last):
  File "/home/ubuntu/stats_des_pistes/backend/generate_score.py", line 54, in <module>
    calculate_daily_score()
    ~~~~~~~~~~~~~~~~~~~~~^^
  File "/home/ubuntu/stats_des_pistes/backend/generate_score.py", line 41, in calculate_daily_score
    cursor.execute(
    ~~~~~~~~~~~~~~^
        """
        ^^^
    ...<3 lines>...
        (yesterday_str, total_aerovision, matches, score_percentage)
        ^^^^^^^^^^^^^^^^^^^^^^^^^^^^^^^^^^^^^^^^^^^^^^^^^^^^^^^^^^^^
    )
    ^
sqlite3.OperationalError: no such table: scores_verification
